INFO	2021-07-27 11:29:51,378	0	ProductApp	[main]	Your in Create Account Window
INFO	2021-07-27 19:33:03,509	0	ProductApp	[main]	Your in Create Account Window
INFO	2021-07-27 19:33:18,376	0	ProductApp	[main]	Your in Create Account Window
INFO	2021-07-27 20:14:53,767	0	ProductApp	[main]	Your in Create Account Window
INFO	2021-07-27 20:16:00,388	1	ProductApp	[main]	Your in Create Account Window
INFO	2021-07-27 20:16:16,228	0	ProductApp	[main]	Your in Create Account Window
INFO	2021-07-27 20:19:30,132	1	ProductApp	[main]	Your in Create Account Window
INFO	2021-07-27 20:22:47,234	197103	ProductApp	[main]	Your in Create Account Window
INFO	2021-07-27 20:25:28,208	0	ProductApp	[main]	Your in Create Account Window
INFO	2021-07-27 22:04:08,671	0	ProductApp	[main]	Your in Login Window
INFO	2021-07-27 22:04:10,174	1503	ProductApp	[main]	Exiting from login window
INFO	2021-07-27 22:05:04,536	55865	ProductApp	[main]	Your in Create Account Window
INFO	2021-07-27 22:05:35,355	0	ProductApp	[main]	Your in Create Account Window
INFO	2021-07-27 22:05:37,161	1806	ProductApp	[main]	Exiting from Account Section
INFO	2021-07-28 19:23:17,302	0	ProductApp	[main]	Your in Login Window
INFO	2021-07-28 19:23:43,694	26392	ProductApp	[main]	Exiting from login window
INFO	2021-07-28 19:24:33,373	76071	ProductApp	[main]	Your in Login Window
INFO	2021-07-28 19:24:49,556	92254	ProductApp	[main]	Exiting from login window
INFO	2021-07-28 19:46:29,480	0	ProductApp	[main]	Your in Login Window
INFO	2021-07-28 19:48:34,187	0	ProductApp	[main]	Your in Login Window
INFO	2021-07-28 19:50:55,143	0	ProductApp	[main]	Your in Login Window
INFO	2021-07-28 19:52:44,359	0	ProductApp	[main]	Your in Login Window
INFO	2021-07-28 20:06:45,085	0	ProductApp	[main]	Your in Create Account Window
INFO	2021-07-28 20:07:55,352	0	ProductApp	[main]	Your in Create Account Window
ERROR	2021-07-28 20:08:32,350	36998	ProductApp	[main]	This Customer ID is already exists
INFO	2021-07-28 20:08:32,350	36998	ProductApp	[main]	Exiting from Account Section
INFO	2021-07-28 20:10:01,441	126089	ProductApp	[main]	Your in Create Account Window
INFO	2021-07-28 20:10:30,916	0	ProductApp	[main]	Your in Create Account Window
INFO	2021-07-29 11:17:56,183	0	ProductApp	[main]	Your in Login Window
INFO	2021-07-29 11:18:23,857	27674	ProductApp	[main]	Exiting from login window
INFO	2021-07-29 12:11:07,923	0	ProductApp	[main]	Your in Login Window
INFO	2021-07-29 12:21:04,813	0	ProductApp	[main]	Your in Login Window
INFO	2021-07-29 12:21:23,358	18545	ProductApp	[main]	Exiting from login window
INFO	2021-07-29 12:58:30,039	0	ProductApp	[main]	Your in Create Account Window
INFO	2021-07-29 12:58:58,972	28933	ProductApp	[main]	Account created successfully
INFO	2021-07-29 12:58:58,972	28933	ProductApp	[main]	Exiting from Account Section
INFO	2021-07-29 12:59:03,302	33263	ProductApp	[main]	Your in Login Window
INFO	2021-07-29 12:59:29,005	58966	ProductApp	[main]	Exiting from login window
INFO	2021-07-29 13:07:05,072	0	ProductApp	[main]	Your in Login Window
INFO	2021-07-29 13:08:17,962	0	ProductApp	[main]	Your in Login Window
INFO	2021-07-29 13:08:23,907	5945	ProductApp	[main]	Exiting from login window
INFO	2021-07-29 19:36:38,887	0	ProductApp	[main]	Your in Login Window
INFO	2021-07-29 19:36:55,219	16332	ProductApp	[main]	Exiting from login window
INFO	2021-07-29 19:49:17,548	1	ProductApp	[main]	Your in Login Window
INFO	2021-07-29 19:49:46,631	787744	ProductApp	[main]	Your in Login Window
INFO	2021-07-29 19:52:57,455	0	ProductApp	[main]	Your in Login Window
INFO	2021-07-29 19:53:04,701	7246	ProductApp	[main]	Exiting from login window
INFO	2021-07-29 19:53:17,694	20239	ProductApp	[main]	Your in Login Window
INFO	2021-07-29 19:53:27,717	30262	ProductApp	[main]	Exiting from login window
INFO	2021-07-29 19:54:09,863	72408	ProductApp	[main]	Your in Login Window
INFO	2021-07-29 19:54:20,385	82930	ProductApp	[main]	Exiting from login window
INFO	2021-07-29 20:02:04,405	546950	ProductApp	[main]	Your in Login Window
INFO	2021-07-29 20:02:29,964	572509	ProductApp	[main]	Exiting from login window
INFO	2021-07-29 20:06:55,609	0	ProductApp	[main]	Your in Login Window
INFO	2021-07-29 20:07:04,588	8979	ProductApp	[main]	Exiting from login window
INFO	2021-07-29 20:08:37,193	101584	ProductApp	[main]	Your in Login Window
INFO	2021-07-29 20:08:46,279	110670	ProductApp	[main]	Exiting from login window
INFO	2021-07-29 20:11:05,000	1	ProductApp	[main]	Your in Login Window
INFO	2021-07-29 20:11:18,980	13981	ProductApp	[main]	Exiting from login window
INFO	2021-07-29 20:11:32,844	27845	ProductApp	[main]	Your in Login Window
INFO	2021-07-29 20:11:49,815	44816	ProductApp	[main]	Exiting from login window
INFO	2021-07-29 20:12:02,864	57865	ProductApp	[main]	Your in Create Account Window
INFO	2021-07-29 20:12:55,673	110674	ProductApp	[main]	Account created successfully
INFO	2021-07-29 20:12:55,673	110674	ProductApp	[main]	Exiting from Account Section
INFO	2021-07-29 20:21:04,888	599889	ProductApp	[main]	Your in Login Window
INFO	2021-07-29 20:28:26,351	0	ProductApp	[main]	Your in Login Window
INFO	2021-07-29 20:28:36,998	10647	ProductApp	[main]	Exiting from login window
INFO	2021-07-29 20:29:19,287	52936	ProductApp	[main]	Your in Login Window
INFO	2021-07-29 20:29:30,551	64200	ProductApp	[main]	Exiting from login window
INFO	2021-07-29 20:30:16,185	109834	ProductApp	[main]	Your in Login Window
INFO	2021-07-29 20:30:24,028	117677	ProductApp	[main]	Exiting from login window
INFO	2021-07-29 20:32:33,189	0	ProductApp	[main]	Your in Login Window
INFO	2021-07-29 20:39:57,589	0	ProductApp	[main]	Your in Login Window
INFO	2021-07-29 20:45:11,414	0	ProductApp	[main]	Your in Login Window
INFO	2021-07-29 20:45:51,032	0	ProductApp	[main]	Your in Login Window
INFO	2021-07-29 20:46:10,201	19169	ProductApp	[main]	Exiting from login window
INFO	2021-07-29 20:50:04,253	253221	ProductApp	[main]	Your in Login Window
INFO	2021-07-29 20:50:33,821	282789	ProductApp	[main]	Exiting from login window
INFO	2021-07-30 15:04:02,724	0	ProductApp	[main]	Your in Login Window
INFO	2021-07-30 15:06:07,782	0	ProductApp	[main]	Your in Login Window
INFO	2021-07-30 15:40:51,336	0	ProductApp	[main]	Your in Login Window
INFO	2021-07-30 15:51:39,502	0	ProductApp	[main]	Your in Login Window : null
INFO	2021-07-30 15:56:29,606	0	ProductApp	[main]	Your in Create Account Window
INFO	2021-07-30 15:57:12,061	42455	ProductApp	[main]	Exiting from Account Section
INFO	2021-07-30 15:57:37,343	0	ProductApp	[main]	Your in Create Account Window
INFO	2021-07-30 15:58:04,067	26724	ProductApp	[main]	Account created successfullyOk
INFO	2021-07-30 15:58:04,068	26725	ProductApp	[main]	Exiting from Account Section
INFO	2021-07-30 16:20:36,155	0	ProductApp	[main]	Your in Create Account Window
INFO	2021-07-30 16:21:19,597	0	ProductApp	[main]	Your in Create Account Window
INFO	2021-07-30 16:22:14,067	54470	ProductApp	[main]	Account created successfullyABC
INFO	2021-07-30 16:22:14,067	54470	ProductApp	[main]	Exiting from Account Section
INFO	2021-07-30 16:24:07,049	167452	ProductApp	[main]	Your in Create Account Window
INFO	2021-07-30 16:24:37,262	197665	ProductApp	[main]	Account created successfully Ketan
INFO	2021-07-30 16:24:37,262	197665	ProductApp	[main]	Exiting from Account Section
INFO	2021-07-30 16:24:39,290	199693	ProductApp	[main]	Your in Login Window : Ketan
INFO	2021-07-30 16:33:51,511	0	ProductApp	[main]	Your in Create Account Window
INFO	2021-07-30 16:34:33,102	41591	ProductApp	[main]	Account created successfully Ketan
INFO	2021-07-30 16:34:33,102	41591	ProductApp	[main]	Exiting from Account Section
INFO	2021-07-30 16:34:39,421	47910	ProductApp	[main]	Your in Login Window : null
INFO	2021-07-30 16:35:22,867	91356	ProductApp	[main]	Exiting from login window
INFO	2021-07-30 16:35:32,791	101280	ProductApp	[main]	Your in Login Window : null
INFO	2021-07-30 16:36:29,916	0	ProductApp	[main]	Your in Login Window : null
INFO	2021-07-30 16:36:47,796	0	ProductApp	[main]	Your in Login Window : null
INFO	2021-07-30 16:37:25,756	37960	ProductApp	[main]	Exiting from login window
